stderr: # command-line-arguments
./main.go:7:2: v1 declared and not used
, cmd err: exit status 2stderr: # command-line-arguments
./main.go:7:25: syntax error: unexpected { at end of statement
./main.go:8:2: syntax error: non-declaration statement outside function body
, cmd err: exit status 2stderr: # command-line-arguments
./main.go:7:25: syntax error: unexpected { at end of statement
./main.go:10:2: syntax error: non-declaration statement outside function body
, cmd err: exit status 2stderr: # command-line-arguments
./main.go:7:25: syntax error: unexpected { at end of statement
./main.go:10:2: syntax error: non-declaration statement outside function body
, cmd err: exit status 2stderr: # command-line-arguments
./main.go:7:25: syntax error: unexpected { at end of statement
./main.go:10:4: syntax error: unexpected ) after top level declaration
, cmd err: exit status 2stderr: # command-line-arguments
./main.go:7:25: syntax error: unexpected { at end of statement
./main.go:10:4: syntax error: unexpected ) after top level declaration
, cmd err: exit status 2stderr: # command-line-arguments
./main.go:7:25: syntax error: unexpected { at end of statement
./main.go:10:4: syntax error: unexpected ) after top level declaration
, cmd err: exit status 2stderr: # command-line-arguments
./main.go:7:25: syntax error: unexpected { at end of statement
./main.go:10:2: syntax error: non-declaration statement outside function body
, cmd err: exit status 2stderr: # command-line-arguments
./main.go:9:25: syntax error: unexpected { at end of statement
./main.go:12:2: syntax error: non-declaration statement outside function body
, cmd err: exit status 2stderr: # command-line-arguments
./main.go:9:25: syntax error: unexpected { at end of statement
./main.go:12:2: syntax error: non-declaration statement outside function body
, cmd err: exit status 2stderr: # command-line-arguments
./main.go:9:19: undefined: Cats
, cmd err: exit status 2stderr: # command-line-arguments
./main.go:10:8: not enough arguments in call to c.JSON
	have (number)
	want (int, interface {})
, cmd err: exit status 2stderr: # command-line-arguments
./main.go:14:4: no new variables on left side of :=
./main.go:14:7: undefined: database
, cmd err: exit status 2stderr: # command-line-arguments
./main.go:14:4: no new variables on left side of :=
./main.go:14:7: undefined: database
, cmd err: exit status 2stderr: # command-line-arguments
./main.go:14:4: no new variables on left side of :=
./main.go:14:7: undefined: database
, cmd err: exit status 2stderr: # command-line-arguments
./main.go:14:4: no new variables on left side of :=
./main.go:14:7: undefined: database
, cmd err: exit status 2stderr: # command-line-arguments
./main.go:14:4: no new variables on left side of :=
./main.go:14:7: undefined: database
, cmd err: exit status 2stderr: # command-line-arguments
./main.go:14:4: no new variables on left side of :=
./main.go:14:7: undefined: database
, cmd err: exit status 2stderr: # command-line-arguments
./main.go:14:4: no new variables on left side of :=
./main.go:14:7: undefined: database
, cmd err: exit status 2stderr: # command-line-arguments
./main.go:14:4: no new variables on left side of :=
./main.go:14:7: undefined: database
, cmd err: exit status 2stderr: # command-line-arguments
./main.go:14:4: no new variables on left side of :=
./main.go:14:7: undefined: database
, cmd err: exit status 2stderr: # command-line-arguments
./main.go:14:4: no new variables on left side of :=
./main.go:14:7: undefined: database
, cmd err: exit status 2stderr: # command-line-arguments
./main.go:16:4: no new variables on left side of :=
./main.go:16:7: undefined: database
, cmd err: exit status 2stderr: # command-line-arguments
./main.go:16:6: undefined: database
, cmd err: exit status 2stderr: # catmash/src/database
src/database/main.go:14:5: undefined: db
src/database/main.go:17:8: undefined: db
, cmd err: exit status 2stderr: # command-line-arguments
./main.go:17:10: database.Db evaluated but not used
, cmd err: exit status 2stderr: # command-line-arguments
./main.go:22:22: not enough arguments in call to database.Db.HasTable
	have ()
	want (interface {})
, cmd err: exit status 2stderr: # command-line-arguments
./main.go:23:22: not enough arguments in call to database.Db.HasTable
	have ()
	want (interface {})
, cmd err: exit status 2stderr: # command-line-arguments
./main.go:23:22: not enough arguments in call to database.Db.HasTable
	have ()
	want (interface {})
, cmd err: exit status 2stderr: # command-line-arguments
./main.go:19:2: cats declared and not used
, cmd err: exit status 2stderr: # command-line-arguments
./main.go:18:2: v1 declared and not used
, cmd err: exit status 2stderr: # command-line-arguments
./main.go:18:2: v1 declared and not used
, cmd err: exit status 2stderr: # command-line-arguments
./main.go:18:2: v1 declared and not used
, cmd err: exit status 2stderr: # command-line-arguments
./main.go:19:2: cats declared and not used
./main.go:20:2: results declared and not used
, cmd err: exit status 2stderr: # command-line-arguments
./main.go:12:2: cats declared and not used
./main.go:13:2: results declared and not used
, cmd err: exit status 2stderr: # command-line-arguments
./main.go:14:21: undefined: controllers
, cmd err: exit status 2stderr: main.go:6:2: unknown import path "catmash/src/controllers": cannot find module providing package catmash/src/controllers
, cmd err: exit status 1stderr: # command-line-arguments
./main.go:15:40: not enough arguments in call to controllers.AllCats
	have ()
	want (*gin.Context)
./main.go:15:40: controllers.AllCats() used as value
, cmd err: exit status 2stderr: # command-line-arguments
./main.go:17:2: results declared and not used
, cmd err: exit status 2stderr: # command-line-arguments
./main.go:17:2: results declared and not used
, cmd err: exit status 2stderr: # catmash/src/models
src/models/cats.go:25:11: undefined: image
, cmd err: exit status 2stderr: # catmash/src/models
src/models/cats.go:38:16: undefined: catsImageFile
, cmd err: exit status 2stderr: # catmash/src/models
src/models/cats.go:40:29: undefined: imageList
src/models/cats.go:41:14: undefined: imageList
, cmd err: exit status 2stderr: # catmash/src/models
src/models/cats.go:41:14: undefined: imageList
, cmd err: exit status 2stderr: # catmash/src/models
src/models/cats.go:42:10: database.Db evaluated but not used
, cmd err: exit status 2stderr: # catmash/src/models
src/models/cats.go:42:10: database.Db evaluated but not used
, cmd err: exit status 2stderr: # catmash/src/models
src/models/cats.go:42:13: database.Db.Create evaluated but not used
, cmd err: exit status 2stderr: # catmash/src/models
src/models/cats.go:45:14: syntax error: unexpected newline, expecting comma or }
, cmd err: exit status 2stderr: import cycle not allowed
package main
	imports catmash/src/controllers
	imports catmash/src/models
	imports catmash/src/database
	imports catmash/src/models
, cmd err: exit status 1stderr: import cycle not allowed
package main
	imports catmash/src/controllers
	imports catmash/src/models
	imports catmash/src/database
	imports catmash/src/models
, cmd err: exit status 1stderr: import cycle not allowed
package main
	imports catmash/src/controllers
	imports catmash/src/models
	imports catmash/src/database
	imports catmash/src/models
, cmd err: exit status 1stderr: import cycle not allowed
package main
	imports catmash/src/controllers
	imports catmash/src/models
	imports catmash/src/database
	imports catmash/src/models
, cmd err: exit status 1stderr: import cycle not allowed
package main
	imports catmash/src/controllers
	imports catmash/src/models
	imports catmash/src/database
	imports catmash/src/models
, cmd err: exit status 1stderr: import cycle not allowed
package main
	imports catmash/src/controllers
	imports catmash/src/models
	imports catmash/src/database
	imports catmash/src/models
, cmd err: exit status 1stderr: import cycle not allowed
package main
	imports catmash/src/controllers
	imports catmash/src/models
	imports catmash/src/database
	imports catmash/src/models
, cmd err: exit status 1stderr: import cycle not allowed
package main
	imports catmash/src/controllers
	imports catmash/src/models
	imports catmash/src/database
	imports catmash/src/models
, cmd err: exit status 1stderr: # catmash/src/controllers
src/controllers/cats.go:12:20: not enough arguments in call to models.InstallCats
	have ()
	want (*gin.Context)
, cmd err: exit status 2stderr: # catmash/src/controllers
src/controllers/cats.go:12:20: not enough arguments in call to models.InstallCats
	have ()
	want (*gin.Context)
, cmd err: exit status 2stderr: # catmash/src/controllers
src/controllers/cats.go:12:20: not enough arguments in call to models.InstallCats
	have ()
	want (*gin.Context)
, cmd err: exit status 2stderr: # catmash/src/controllers
src/controllers/cats.go:12:20: not enough arguments in call to models.InstallCats
	have ()
	want (*gin.Context)
, cmd err: exit status 2stderr: # catmash/src/controllers
src/controllers/cats.go:12:20: not enough arguments in call to models.InstallCats
	have ()
	want (*gin.Context)
, cmd err: exit status 2stderr: build catmash: cannot find module for path http
, cmd err: exit status 1stderr: build catmash: cannot find module for path http
, cmd err: exit status 1stderr: build catmash: cannot find module for path http
, cmd err: exit status 1stderr: # catmash/src/controllers
src/controllers/cats.go:17:10: undefined: models.GetCat
src/controllers/cats.go:18:10: undefined: models.GetCat
src/controllers/cats.go:19:9: undefined: http.StatusOk
src/controllers/cats.go:19:25: type string is not an expression
, cmd err: exit status 2stderr: # catmash/src/controllers
src/controllers/cats.go:16:10: undefined: models.GetCat
src/controllers/cats.go:17:10: undefined: models.GetCat
src/controllers/cats.go:18:15: type string is not an expression
, cmd err: exit status 2stderr: # catmash/src/controllers
src/controllers/cats.go:18:26: syntax error: unexpected interface, expecting comma or )
, cmd err: exit status 2stderr: # catmash/src/controllers
src/controllers/cats.go:18:25: syntax error: unexpected {, expecting comma or )
src/controllers/cats.go:21:3: syntax error: unexpected ) after top level declaration
, cmd err: exit status 2stderr: # catmash/src/controllers
src/controllers/cats.go:16:10: undefined: models.GetCat
src/controllers/cats.go:17:10: undefined: models.GetCat
src/controllers/cats.go:18:15: type string is not an expression
, cmd err: exit status 2stderr: # catmash/src/controllers
src/controllers/cats.go:16:10: undefined: models.GetCat
src/controllers/cats.go:17:10: undefined: models.GetCat
src/controllers/cats.go:18:15: type string is not an expression
, cmd err: exit status 2stderr: # catmash/src/models
src/models/cats.go:52:17: not enough arguments in call to database.Db.Get
	have ()
	want (string)
, cmd err: exit status 2stderr: # catmash/src/models
src/models/cats.go:52:17: not enough arguments in call to database.Db.Get
	have ()
	want (string)
, cmd err: exit status 2stderr: # catmash/src/models
src/models/cats.go:52:17: not enough arguments in call to database.Db.Get
	have ()
	want (string)
, cmd err: exit status 2stderr: # catmash/src/models
src/models/cats.go:52:20: type Cats is not an expression
, cmd err: exit status 2stderr: # catmash/src/models
src/models/cats.go:52:26: undefined: Model
src/models/cats.go:52:31: too few values in &Cats literal
, cmd err: exit status 2stderr: # catmash/src/models
src/models/cats.go:52:26: undefined: Model
src/models/cats.go:52:31: too few values in &Cats literal
, cmd err: exit status 2stderr: # catmash/src/models
src/models/cats.go:52:26: undefined: Model
src/models/cats.go:52:31: too few values in &Cats literal
, cmd err: exit status 2stderr: # catmash/src/models
src/models/cats.go:52:26: undefined: Model
src/models/cats.go:52:31: too few values in &Cats literal
, cmd err: exit status 2stderr: # catmash/src/models
src/models/cats.go:52:36: syntax error: unexpected }, expecting expression
, cmd err: exit status 2stderr: # catmash/src/models
src/models/cats.go:52:26: undefined: Model
src/models/cats.go:52:31: too few values in &Cats literal
, cmd err: exit status 2stderr: # catmash/src/models
src/models/cats.go:52:26: undefined: Model
src/models/cats.go:52:31: too few values in &Cats literal
, cmd err: exit status 2stderr: # catmash/src/models
src/models/cats.go:52:36: too few values in &Cats literal
src/models/cats.go:52:37: cannot use id (type int) as type uint in field value
, cmd err: exit status 2stderr: # catmash/src/models
src/models/cats.go:53:36: too few values in &Cats literal
src/models/cats.go:53:37: cannot use id (type int) as type uint in field value
, cmd err: exit status 2stderr: # catmash/src/models
src/models/cats.go:53:28: cannot convert "id = " (type untyped string) to type int
src/models/cats.go:53:28: invalid operation: "id = " + id (mismatched types string and int)
, cmd err: exit status 2stderr: # catmash/src/models
src/models/cats.go:53:28: cannot convert "id = " (type untyped string) to type int
src/models/cats.go:53:28: invalid operation: "id = " + id (mismatched types string and int)
, cmd err: exit status 2stderr: # catmash/src/models
src/models/cats.go:53:28: cannot convert "id = " (type untyped string) to type int
src/models/cats.go:53:28: invalid operation: "id = " + id (mismatched types string and int)
src/models/cats.go:53:33: database.Db.Where("id = " + id).F undefined (type *gorm.DB has no field or method F)
, cmd err: exit status 2stderr: # catmash/src/models
src/models/cats.go:53:47: database.Db.Where(fmt.Sprintf("id = %d", id)).F undefined (type *gorm.DB has no field or method F)
, cmd err: exit status 2stderr: # catmash/src/models
src/models/cats.go:53:55: undefined: cat
, cmd err: exit status 2stderr: # catmash/src/controllers
src/controllers/cats.go:16:10: undefined: models.GetCat
src/controllers/cats.go:17:10: undefined: models.GetCat
src/controllers/cats.go:18:15: type string is not an expression
, cmd err: exit status 2stderr: # catmash/src/models
src/models/cats.go:54:2: too many arguments to return
	have (Cats)
	want ()
, cmd err: exit status 2stderr: # catmash/src/models
src/models/cats.go:51:22: undefined: model
, cmd err: exit status 2stderr: # catmash/src/models
src/models/cats.go:51:22: undefined: model
, cmd err: exit status 2stderr: # catmash/src/controllers
src/controllers/cats.go:16:10: undefined: models.GetCat
src/controllers/cats.go:17:10: undefined: models.GetCat
src/controllers/cats.go:18:15: type string is not an expression
, cmd err: exit status 2stderr: # catmash/src/models
src/models/cats.go:52:6: cat redeclared in this block
	previous declaration at src/models/cats.go:51:27
, cmd err: exit status 2stderr: # catmash/src/controllers
src/controllers/cats.go:16:10: undefined: models.GetCat
src/controllers/cats.go:17:10: undefined: models.GetCat
src/controllers/cats.go:18:15: type string is not an expression
, cmd err: exit status 2stderr: # catmash/src/controllers
src/controllers/cats.go:16:23: not enough arguments in call to models.GetCat
	have ()
	want (int)
src/controllers/cats.go:17:23: not enough arguments in call to models.GetCat
	have ()
	want (int)
src/controllers/cats.go:18:15: type string is not an expression
, cmd err: exit status 2stderr: # catmash/src/controllers
src/controllers/cats.go:18:23: not enough arguments in call to models.GetCat
	have ()
	want (int)
src/controllers/cats.go:19:15: type string is not an expression
, cmd err: exit status 2stderr: # catmash/src/controllers
src/controllers/cats.go:19:15: type string is not an expression
, cmd err: exit status 2stderr: # catmash/src/controllers
src/controllers/cats.go:19:15: type string is not an expression
, cmd err: exit status 2stderr: # catmash/src/controllers
src/controllers/cats.go:19:15: type string is not an expression
, cmd err: exit status 2stderr: # catmash/src/controllers
src/controllers/cats.go:22:15: syntax error: unexpected newline, expecting comma or }
, cmd err: exit status 2stderr: # catmash/src/controllers
src/controllers/cats.go:19:15: type string is not an expression
, cmd err: exit status 2stderr: # command-line-arguments
./main.go:20:2: v1 declared and not used
, cmd err: exit status 2stderr: # command-line-arguments
./main.go:20:2: v1 declared and not used
, cmd err: exit status 2stderr: # command-line-arguments
./main.go:18:2: v1 declared and not used
, cmd err: exit status 2stderr: # command-line-arguments
./main.go:20:2: undefined: vote
, cmd err: exit status 2stderr: # command-line-arguments
./main.go:18:16: undefined: controllers.Vote
, cmd err: exit status 2stderr: # command-line-arguments
./main.go:18:16: undefined: controllers.Vote
, cmd err: exit status 2stderr: # catmash/src/controllers
src/controllers/vote.go:10:1: syntax error: unexpected }, expecting name or (
, cmd err: exit status 2stderr: # catmash/src/controllers
src/controllers/vote.go:9:28: cannot call non-function c.Request.Body (type io.ReadCloser)
, cmd err: exit status 2stderr: # catmash/src/controllers
src/controllers/vote.go:9:33: not enough arguments in call to c.Request.Body.Read
	have ()
	want ([]byte)
, cmd err: exit status 2stderr: # catmash/src/controllers
src/controllers/vote.go:10:8: not enough arguments in call to c.JSON
	have (number)
	want (int, interface {})
, cmd err: exit status 2stderr: # catmash/src/controllers
src/controllers/vote.go:9:2: x declared and not used
, cmd err: exit status 2stderr: # catmash/src/controllers
src/controllers/vote.go:12:3: syntax error: unexpected literal "data", expecting method or interface name
src/controllers/vote.go:14:3: syntax error: unexpected newline, expecting comma or )
src/controllers/vote.go:15:3: syntax error: unexpected ) after top level declaration
, cmd err: exit status 2stderr: # catmash/src/controllers
src/controllers/vote.go:12:3: syntax error: unexpected literal "data", expecting method or interface name
src/controllers/vote.go:14:3: syntax error: unexpected newline, expecting comma or )
src/controllers/vote.go:15:3: syntax error: unexpected ) after top level declaration
, cmd err: exit status 2stderr: # catmash/src/controllers
src/controllers/vote.go:12:3: syntax error: unexpected literal "data", expecting method or interface name
src/controllers/vote.go:14:3: syntax error: unexpected newline, expecting comma or )
src/controllers/vote.go:15:3: syntax error: unexpected ) after top level declaration
, cmd err: exit status 2stderr: # catmash/src/controllers
src/controllers/vote.go:11:9: syntax error: unexpected Cats, expecting := or = or comma
src/controllers/vote.go:13:3: syntax error: unexpected literal "data", expecting method or interface name
src/controllers/vote.go:15:3: syntax error: unexpected newline, expecting comma or )
src/controllers/vote.go:16:3: syntax error: unexpected ) after top level declaration
, cmd err: exit status 2stderr: # catmash/src/controllers
src/controllers/vote.go:12:9: syntax error: unexpected models, expecting := or = or comma
, cmd err: exit status 2stderr: # catmash/src/controllers
src/controllers/vote.go:14:3: syntax error: unexpected literal "data", expecting method or interface name
src/controllers/vote.go:16:3: syntax error: unexpected newline, expecting comma or )
src/controllers/vote.go:17:3: syntax error: unexpected ) after top level declaration
, cmd err: exit status 2stderr: # catmash/src/controllers
src/controllers/vote.go:14:3: syntax error: unexpected literal "data", expecting method or interface name
src/controllers/vote.go:16:3: syntax error: unexpected newline, expecting comma or )
src/controllers/vote.go:17:3: syntax error: unexpected ) after top level declaration
, cmd err: exit status 2stderr: # catmash/src/controllers
src/controllers/vote.go:14:3: syntax error: unexpected literal "data", expecting method or interface name
src/controllers/vote.go:16:3: syntax error: unexpected newline, expecting comma or )
src/controllers/vote.go:17:3: syntax error: unexpected ) after top level declaration
, cmd err: exit status 2stderr: # catmash/src/controllers
src/controllers/vote.go:14:3: syntax error: unexpected literal "data", expecting method or interface name
src/controllers/vote.go:16:3: syntax error: unexpected newline, expecting comma or )
src/controllers/vote.go:17:3: syntax error: unexpected ) after top level declaration
, cmd err: exit status 2stderr: # catmash/src/controllers
src/controllers/vote.go:14:3: syntax error: unexpected literal "data", expecting method or interface name
src/controllers/vote.go:17:3: syntax error: unexpected newline, expecting comma or )
src/controllers/vote.go:18:3: syntax error: unexpected ) after top level declaration
, cmd err: exit status 2stderr: # catmash/src/controllers
src/controllers/vote.go:14:3: syntax error: unexpected literal "data", expecting method or interface name
src/controllers/vote.go:17:3: syntax error: unexpected newline, expecting comma or )
src/controllers/vote.go:18:3: syntax error: unexpected ) after top level declaration
, cmd err: exit status 2stderr: # catmash/src/controllers
src/controllers/vote.go:14:3: syntax error: unexpected literal "data", expecting method or interface name
src/controllers/vote.go:18:3: syntax error: unexpected newline, expecting comma or )
src/controllers/vote.go:19:3: syntax error: unexpected ) after top level declaration
, cmd err: exit status 2stderr: # catmash/src/controllers
src/controllers/vote.go:15:3: syntax error: unexpected literal "data", expecting method or interface name
src/controllers/vote.go:19:3: syntax error: unexpected newline, expecting comma or )
src/controllers/vote.go:20:3: syntax error: unexpected ) after top level declaration
, cmd err: exit status 2stderr: # catmash/src/controllers
src/controllers/vote.go:15:3: syntax error: unexpected literal "data", expecting method or interface name
src/controllers/vote.go:19:3: syntax error: unexpected newline, expecting comma or )
src/controllers/vote.go:20:3: syntax error: unexpected ) after top level declaration
, cmd err: exit status 2stderr: # catmash/src/controllers
src/controllers/vote.go:15:3: syntax error: unexpected literal "data", expecting method or interface name
src/controllers/vote.go:19:3: syntax error: unexpected }, expecting comma or )
, cmd err: exit status 2stderr: # catmash/src/controllers
src/controllers/vote.go:18:3: syntax error: unexpected literal "data", expecting method or interface name
src/controllers/vote.go:22:3: syntax error: unexpected }, expecting comma or )
, cmd err: exit status 2stderr: # catmash/src/controllers
src/controllers/vote.go:22:3: syntax error: unexpected literal "data", expecting method or interface name
src/controllers/vote.go:26:3: syntax error: unexpected }, expecting comma or )
, cmd err: exit status 2stderr: # catmash/src/controllers
src/controllers/vote.go:23:3: syntax error: unexpected literal "data", expecting method or interface name
src/controllers/vote.go:27:3: syntax error: unexpected }, expecting comma or )
, cmd err: exit status 2stderr: # catmash/src/controllers
src/controllers/vote.go:23:3: syntax error: unexpected literal "data", expecting method or interface name
src/controllers/vote.go:27:3: syntax error: unexpected }, expecting comma or )
, cmd err: exit status 2stderr: # catmash/src/controllers
src/controllers/vote.go:15:3: syntax error: unexpected type, expecting field name or embedded type
src/controllers/vote.go:19:5: syntax error: unexpected literal `json:"data"` at end of statement
src/controllers/vote.go:22:2: syntax error: non-declaration statement outside function body
, cmd err: exit status 2stderr: # catmash/src/controllers
src/controllers/vote.go:21:2: syntax error: unexpected literal "data", expecting method or interface name
src/controllers/vote.go:25:2: syntax error: unexpected }, expecting comma or )
, cmd err: exit status 2stderr: # catmash/src/controllers
src/controllers/vote.go:21:2: syntax error: unexpected literal "data", expecting method or interface name
src/controllers/vote.go:25:2: syntax error: unexpected }, expecting comma or )
, cmd err: exit status 2stderr: # catmash/src/controllers
src/controllers/vote.go:21:2: syntax error: unexpected literal "data", expecting method or interface name
src/controllers/vote.go:25:2: syntax error: unexpected }, expecting comma or )
, cmd err: exit status 2stderr: # catmash/src/controllers
src/controllers/vote.go:21:2: syntax error: unexpected literal "data", expecting method or interface name
src/controllers/vote.go:25:2: syntax error: unexpected }, expecting comma or )
, cmd err: exit status 2stderr: # catmash/src/controllers
src/controllers/vote.go:22:2: syntax error: unexpected literal "data", expecting method or interface name
src/controllers/vote.go:26:2: syntax error: unexpected }, expecting comma or )
, cmd err: exit status 2stderr: # catmash/src/controllers
src/controllers/vote.go:12:6: c1 declared and not used
src/controllers/vote.go:12:10: c2 declared and not used
src/controllers/vote.go:13:6: i declared and not used
, cmd err: exit status 2stderr: # catmash/src/controllers
src/controllers/vote.go:24:9: not enough arguments in call to c.JSON
	have (number)
	want (int, interface {})
, cmd err: exit status 2stderr: # catmash/src/controllers
src/controllers/vote.go:13:6: c1 declared and not used
src/controllers/vote.go:13:10: c2 declared and not used
src/controllers/vote.go:14:6: i declared and not used
, cmd err: exit status 2stderr: # catmash/src/controllers
src/controllers/vote.go:12:2: x declared and not used
src/controllers/vote.go:13:6: c1 declared and not used
src/controllers/vote.go:13:10: c2 declared and not used
src/controllers/vote.go:14:6: i declared and not used
, cmd err: exit status 2stderr: # catmash/src/controllers
src/controllers/vote.go:12:2: x declared and not used
src/controllers/vote.go:13:6: c1 declared and not used
src/controllers/vote.go:13:10: c2 declared and not used
src/controllers/vote.go:14:6: i declared and not used
, cmd err: exit status 2stderr: # catmash/src/controllers
src/controllers/vote.go:12:2: x declared and not used
src/controllers/vote.go:13:6: c1 declared and not used
src/controllers/vote.go:13:10: c2 declared and not used
src/controllers/vote.go:14:6: i declared and not used
, cmd err: exit status 2stderr: # catmash/src/controllers
src/controllers/vote.go:20:10: undefined: Res
, cmd err: exit status 2stderr: # catmash/src/controllers
src/controllers/cats.go:17:15: undefined: getNumbers
, cmd err: exit status 2stderr: # catmash/src/controllers
src/controllers/cats.go:16:6: missing function body
, cmd err: exit status 2stderr: # catmash/src/controllers
src/controllers/cats.go:18:1: missing return at end of function
, cmd err: exit status 2stderr: # catmash/src/controllers
src/controllers/cats.go:17:17: too many arguments in call to rand.Int
	have (number)
	want ()
src/controllers/cats.go:18:17: too many arguments in call to rand.Int
	have (number)
	want ()
src/controllers/cats.go:19:1: missing return at end of function
, cmd err: exit status 2stderr: # catmash/src/controllers
src/controllers/cats.go:17:17: too many arguments in call to rand.Int
	have (number)
	want ()
src/controllers/cats.go:18:17: too many arguments in call to rand.Int
	have (number)
	want ()
, cmd err: exit status 2stderr: # catmash/src/controllers
src/controllers/cats.go:17:17: too many arguments in call to rand.Int
	have (number)
	want ()
src/controllers/cats.go:18:17: too many arguments in call to rand.Int
	have (number)
	want ()
, cmd err: exit status 2stderr: # catmash/src/controllers
src/controllers/cats.go:26:2: num1 declared and not used
src/controllers/cats.go:26:8: num2 declared and not used
, cmd err: exit status 2stderr: # catmash/src/controllers
src/controllers/cats.go:26:8: num2 declared and not used
, cmd err: exit status 2stderr: # catmash/src/controllers
src/controllers/vote.go:26:22: syntax error: unexpected newline, expecting { after if clause
, cmd err: exit status 2stderr: # catmash/src/controllers
src/controllers/vote.go:25:2: undefined: computeRating
, cmd err: exit status 2stderr: # catmash/src/controllers
src/controllers/cats.go:29:9: undefined: calcRating
src/controllers/cats.go:30:10: undefined: calcRating
, cmd err: exit status 2stderr: # catmash/src/controllers
src/controllers/cats.go:27:1: missing return at end of function
, cmd err: exit status 2stderr: # catmash/src/controllers
src/controllers/cats.go:33:2: rat1 declared and not used
src/controllers/cats.go:34:2: rat2 declared and not used
, cmd err: exit status 2stderr: # catmash/src/controllers
src/controllers/cats.go:34:2: rat1 declared and not used
src/controllers/cats.go:35:2: rat2 declared and not used
, cmd err: exit status 2stderr: # catmash/src/controllers
src/controllers/cats.go:27:18: cannot use float64(1) (type float64) as type uint64 in return argument
, cmd err: exit status 2stderr: # catmash/src/controllers
src/controllers/cats.go:28:66: cannot use cat2.Rating - cat1.Rating (type uint64) as type float64 in argument to math.Pow
, cmd err: exit status 2stderr: # catmash/src/controllers
src/controllers/vote.go:25:2: undefined: getNewRating
, cmd err: exit status 2stderr: # catmash/src/controllers
src/controllers/vote.go:18:6: missing function body
, cmd err: exit status 2stderr: # catmash/src/controllers
src/controllers/vote.go:23:29: invalid operation: cat1.Rating + K (mismatched types float64 and int)
, cmd err: exit status 2stderr: # catmash/src/controllers
src/controllers/vote.go:23:29: invalid operation: cat1.Rating + K (mismatched types float64 and int)
, cmd err: exit status 2stderr: # catmash/src/controllers
src/controllers/vote.go:23:33: invalid operation: K * (1 - rat1) (mismatched types int and float64)
, cmd err: exit status 2stderr: # catmash/src/controllers
src/controllers/vote.go:23:33: invalid operation: K * (float64(1) - rat1) (mismatched types int and float64)
, cmd err: exit status 2stderr: # catmash/src/controllers
src/controllers/vote.go:11:13: syntax error: unexpected f after top level declaration
, cmd err: exit status 2stderr: # catmash/src/controllers
src/controllers/vote.go:38:18: cannot use res.C1 (type models.Cats) as type *models.Cats in argument to getNewRating
src/controllers/vote.go:38:36: cannot use res.C2 (type models.Cats) as type *models.Cats in argument to getNewRating
, cmd err: exit status 2stderr: # catmash/src/models
src/models/cats.go:48:25: syntax error: unexpected m, expecting comma or }
, cmd err: exit status 2stderr: # catmash/src/models
src/models/cats.go:30:20: undefined: err
src/models/cats.go:53:1: missing return at end of function
, cmd err: exit status 2stderr: # catmash/src/models
src/models/cats.go:53:1: missing return at end of function
, cmd err: exit status 2stderr: # catmash/src/models
src/models/cats.go:54:1: missing return at end of function
, cmd err: exit status 2stderr: # catmash/src/controllers
src/controllers/vote.go:35:19: res.C1 undefined (type VoteResult has no field or method C1)
src/controllers/vote.go:35:27: res.Rat1 undefined (type VoteResult has no field or method Rat1)
src/controllers/vote.go:35:38: res.C2 undefined (type VoteResult has no field or method C2)
src/controllers/vote.go:35:46: res.Rat2 undefined (type VoteResult has no field or method Rat2)
src/controllers/vote.go:35:56: res.Res undefined (type VoteResult has no field or method Res)
, cmd err: exit status 2stderr: # catmash/src/controllers
src/controllers/vote.go:38:19: res.C1 undefined (type VoteResult has no field or method C1)
src/controllers/vote.go:38:27: res.Rat1 undefined (type VoteResult has no field or method Rat1)
src/controllers/vote.go:38:38: res.C2 undefined (type VoteResult has no field or method C2)
src/controllers/vote.go:38:46: res.Rat2 undefined (type VoteResult has no field or method Rat2)
src/controllers/vote.go:38:56: res.Res undefined (type VoteResult has no field or method Res)
, cmd err: exit status 2stderr: # catmash/src/controllers
src/controllers/vote.go:18:17: syntax error: unexpected comma, expecting semicolon or newline or }
src/controllers/vote.go:20:1: syntax error: non-declaration statement outside function body
, cmd err: exit status 2stderr: # catmash/src/controllers
src/controllers/vote.go:39:19: res.C1 undefined (type VoteResult has no field or method C1)
src/controllers/vote.go:39:27: res.Rat1 undefined (type VoteResult has no field or method Rat1)
src/controllers/vote.go:39:38: res.C2 undefined (type VoteResult has no field or method C2)
src/controllers/vote.go:39:46: res.Rat2 undefined (type VoteResult has no field or method Rat2)
src/controllers/vote.go:39:56: res.Res undefined (type VoteResult has no field or method Res)
, cmd err: exit status 2stderr: # catmash/src/controllers
src/controllers/vote.go:42:19: res.C1 undefined (type VoteResult has no field or method C1)
src/controllers/vote.go:42:27: res.Rat1 undefined (type VoteResult has no field or method Rat1)
src/controllers/vote.go:42:38: res.C2 undefined (type VoteResult has no field or method C2)
src/controllers/vote.go:42:46: res.Rat2 undefined (type VoteResult has no field or method Rat2)
src/controllers/vote.go:42:56: res.Res undefined (type VoteResult has no field or method Res)
, cmd err: exit status 2stderr: # catmash/src/controllers
src/controllers/vote.go:42:19: res.C1 undefined (type VoteResult has no field or method C1)
src/controllers/vote.go:42:27: res.Rat1 undefined (type VoteResult has no field or method Rat1)
src/controllers/vote.go:42:38: res.C2 undefined (type VoteResult has no field or method C2)
src/controllers/vote.go:42:46: res.Rat2 undefined (type VoteResult has no field or method Rat2)
src/controllers/vote.go:42:56: res.Res undefined (type VoteResult has no field or method Res)
, cmd err: exit status 2stderr: # catmash/src/controllers
src/controllers/vote.go:42:10: undefined: models.FindCat
src/controllers/vote.go:42:25: undefined: id
, cmd err: exit status 2stderr: # catmash/src/controllers
src/controllers/vote.go:42:10: undefined: models.FindCatById
, cmd err: exit status 2stderr: # catmash/src/controllers
src/controllers/vote.go:42:10: undefined: models.FindCatById
, cmd err: exit status 2stderr: # catmash/src/controllers
src/controllers/vote.go:42:10: undefined: models.FindCatById
src/controllers/vote.go:43:10: undefined: models.FindCatById
, cmd err: exit status 2stderr: # catmash/src/controllers
src/controllers/vote.go:43:10: undefined: models.FindCatById
, cmd err: exit status 2stderr: # catmash/src/controllers
src/controllers/vote.go:42:2: cat1 declared and not used
src/controllers/vote.go:43:2: cat2 declared and not used
, cmd err: exit status 2stderr: # catmash/src/controllers
src/controllers/vote.go:42:2: cat1 declared and not used
src/controllers/vote.go:43:2: cat2 declared and not used
, cmd err: exit status 2stderr: # catmash/src/controllers
src/controllers/vote.go:36:40: undefined: math
, cmd err: exit status 2stderr: # catmash/src/controllers
src/controllers/vote.go:49:2: rating declared and not used
, cmd err: exit status 2stderr: # catmash/src/controllers
src/controllers/vote.go:49:2: rating declared and not used
, cmd err: exit status 2stderr: # catmash/src/controllers
src/controllers/vote.go:49:2: rating declared and not used
, cmd err: exit status 2stderr: # catmash/src/controllers
src/controllers/vote.go:49:2: rating declared and not used
, cmd err: exit status 2stderr: # catmash/src/controllers
src/controllers/vote.go:46:2: rating declared and not used
, cmd err: exit status 2stderr: # catmash/src/controllers
src/controllers/vote.go:44:2: rating declared and not used
, cmd err: exit status 2stderr: # catmash/src/controllers
src/controllers/vote.go:27:44: undefined: rat1
src/controllers/vote.go:28:44: undefined: rat2
, cmd err: exit status 2stderr: # catmash/src/controllers
src/controllers/vote.go:27:44: undefined: rat1
src/controllers/vote.go:28:44: undefined: rat2
, cmd err: exit status 2stderr: # catmash/src/controllers
src/controllers/vote.go:28:44: undefined: rat2
, cmd err: exit status 2stderr: # catmash/src/controllers
src/controllers/vote.go:44:2: rating declared and not used
, cmd err: exit status 2stderr: # catmash/src/controllers
src/controllers/vote.go:44:2: rating declared and not used
, cmd err: exit status 2stderr: # catmash/src/controllers
src/controllers/vote.go:27:2: undefined: cat1
, cmd err: exit status 2stderr: # catmash/src/controllers
src/controllers/vote.go:27:2: undefined: cat1
src/controllers/vote.go:28:2: undefined: cat2
, cmd err: exit status 2stderr: # catmash/src/controllers
src/controllers/vote.go:27:18: undefined: cat1
src/controllers/vote.go:28:2: undefined: cat2
, cmd err: exit status 2stderr: # catmash/src/controllers
src/controllers/vote.go:28:2: undefined: cat2
, cmd err: exit status 2stderr: # catmash/src/controllers
src/controllers/vote.go:28:18: undefined: cat2
, cmd err: exit status 2stderr: # catmash/src/controllers
src/controllers/vote.go:44:2: rating declared and not used
, cmd err: exit status 2stderr: # catmash/src/controllers
src/controllers/vote.go:28:48: undefined: ratingDiff
, cmd err: exit status 2stderr: # catmash/src/controllers
src/controllers/vote.go:27:48: undefined: ratingDiff
src/controllers/vote.go:28:48: undefined: ratingDiff
, cmd err: exit status 2stderr: # catmash/src/controllers
src/controllers/vote.go:44:2: rating declared and not used
, cmd err: exit status 2stderr: # catmash/src/controllers
src/controllers/vote.go:32:2: not enough arguments to return
	have (float64)
	want (float64, float64)
src/controllers/vote.go:44:22: multiple-value calcRating() in single-value context
, cmd err: exit status 2stderr: # catmash/src/controllers
src/controllers/vote.go:32:9: syntax error: unexpected {, expecting expression
src/controllers/vote.go:33:3: syntax error: unexpected float64 at end of statement
src/controllers/vote.go:36:1: syntax error: non-declaration statement outside function body
, cmd err: exit status 2stderr: # catmash/src/controllers
src/controllers/vote.go:35:96: syntax error: unexpected newline, expecting := or = or comma
, cmd err: exit status 2stderr: # catmash/src/controllers
src/controllers/vote.go:35:95: syntax error: unexpected newline, expecting := or = or comma
, cmd err: exit status 2stderr: # catmash/src/controllers
src/controllers/vote.go:35:94: syntax error: unexpected newline, expecting := or = or comma
, cmd err: exit status 2stderr: # catmash/src/controllers
src/controllers/vote.go:34:15: float64(1) / (float64(1) + math.Pow(10, float64(cat2.Rating - cat1.Rating) / float64(400))) evaluated but not used
src/controllers/vote.go:35:15: float64(1) / (float64(1) + math.Pow(10, float64(cat1.Rating - cat2.Rating) / float64(400))) evaluated but not used
src/controllers/vote.go:36:1: missing return at end of function
src/controllers/vote.go:47:22: multiple-value calcRating() in single-value context
, cmd err: exit status 2stderr: # catmash/src/controllers
src/controllers/vote.go:34:15: float64(1) / (float64(1) + math.Pow(10, float64(cat2.Rating - cat1.Rating) / float64(400))) evaluated but not used
src/controllers/vote.go:35:15: float64(1) / (float64(1) + math.Pow(10, float64(cat1.Rating - cat2.Rating) / float64(400))) evaluated but not used
src/controllers/vote.go:36:1: missing return at end of function
src/controllers/vote.go:47:22: multiple-value calcRating() in single-value context
, cmd err: exit status 2stderr: # catmash/src/controllers
src/controllers/vote.go:45:22: multiple-value calcRating() in single-value context
, cmd err: exit status 2stderr: # catmash/src/controllers
src/controllers/vote.go:45:22: multiple-value calcRating() in single-value context
, cmd err: exit status 2stderr: # catmash/src/controllers
src/controllers/vote.go:45:22: multiple-value calcRating() in single-value context
, cmd err: exit status 2stderr: # catmash/src/controllers
src/controllers/vote.go:49:22: multiple-value calcRating() in single-value context
, cmd err: exit status 2stderr: # catmash/src/controllers
src/controllers/vote.go:49:2: rating1 declared and not used
src/controllers/vote.go:49:11: rating2 declared and not used
, cmd err: exit status 2stderr: # catmash/src/controllers
src/controllers/vote.go:49:2: rating1 declared and not used
src/controllers/vote.go:49:11: rating2 declared and not used
, cmd err: exit status 2stderr: # catmash/src/controllers
src/controllers/vote.go:49:2: rating1 declared and not used
src/controllers/vote.go:49:11: rating2 declared and not used
, cmd err: exit status 2stderr: # catmash/src/controllers
src/controllers/vote.go:52:17: undefined: newRating
src/controllers/vote.go:53:17: undefined: newRating
, cmd err: exit status 2stderr: # catmash/src/controllers
src/controllers/vote.go:52:17: undefined: newRatingWinning
src/controllers/vote.go:53:17: undefined: newRating
, cmd err: exit status 2stderr: # catmash/src/controllers
src/controllers/vote.go:52:17: undefined: newRatingWinning
src/controllers/vote.go:53:17: undefined: newRatingLosing
, cmd err: exit status 2stderr: # catmash/src/controllers
src/controllers/vote.go:51:33: not enough arguments in call to newRatingWinning
	have ()
	want (*models.Cats, float64)
src/controllers/vote.go:51:33: newRatingWinning() used as value
src/controllers/vote.go:52:17: undefined: newRatingLosing
, cmd err: exit status 2stderr: # catmash/src/controllers
src/controllers/vote.go:51:33: not enough arguments in call to newRatingWinning
	have (models.Cats)
	want (*models.Cats, float64)
src/controllers/vote.go:51:33: newRatingWinning(cat1) used as value
src/controllers/vote.go:52:17: undefined: newRatingLosing
, cmd err: exit status 2stderr: # catmash/src/controllers
src/controllers/vote.go:51:33: cannot use cat1 (type models.Cats) as type *models.Cats in argument to newRatingWinning
src/controllers/vote.go:51:33: newRatingWinning(cat1, rating1) used as value
src/controllers/vote.go:52:17: undefined: newRatingLosing
, cmd err: exit status 2stderr: # catmash/src/controllers
src/controllers/vote.go:52:17: undefined: newRatingLosing
, cmd err: exit status 2stderr: # catmash/src/controllers
src/controllers/vote.go:52:3: undefined: newRatingLosing
, cmd err: exit status 2stderr: # command-line-arguments
./main.go:12:20: undefined: controllers.AllCats
, cmd err: exit status 2stderr: # command-line-arguments
./main.go:12:43: not enough arguments in call to controllers.InstallCats
	have ()
	want (*gin.Context)
./main.go:12:43: controllers.InstallCats() used as value
, cmd err: exit status 2stderr: # command-line-arguments
./main.go:13:15: undefined: controllers.GetAllCats
, cmd err: exit status 2stderr: # command-line-arguments
./main.go:13:19: undefined: controllers.GetAllCats
, cmd err: exit status 2stderr: # command-line-arguments
./main.go:13:19: undefined: controllers.GetAllCats
, cmd err: exit status 2stderr: # command-line-arguments
./main.go:13:19: undefined: controllers.GetAllCats
, cmd err: exit status 2stderr: # catmash/src/controllers
src/controllers/cats.go:38:6: missing function body
src/controllers/cats.go:38:15: syntax error: unexpected EOF, expecting (
, cmd err: exit status 2stderr: # catmash/src/controllers
src/controllers/cats.go:39:13: models.Cats.All undefined (type models.Cats has no method All)
, cmd err: exit status 2stderr: # catmash/src/models
src/models/cats.go:67:1: missing return at end of function
, cmd err: exit status 2stderr: # catmash/src/models
src/models/cats.go:67:1: missing return at end of function
, cmd err: exit status 2stderr: # catmash/src/controllers
src/controllers/cats.go:39:21: models.Cats.All undefined (type models.Cats has no method All)
, cmd err: exit status 2stderr: # catmash/src/controllers
src/controllers/cats.go:39:21: models.Cats.All undefined (type models.Cats has no method All)
, cmd err: exit status 2stderr: # catmash/src/models
src/models/cats.go:66:19: not enough arguments in call to database.Db.Where
	have ()
	want (interface {}, ...interface {})
, cmd err: exit status 2stderr: # catmash/src/controllers
src/controllers/cats.go:39:21: models.Cats.All undefined (type models.Cats has no method All)
, cmd err: exit status 2stderr: # catmash/src/controllers
src/controllers/cats.go:39:21: models.Cats.All undefined (type models.Cats has no method All)
, cmd err: exit status 2stderr: # catmash/src/controllers
src/controllers/cats.go:39:21: models.Cats.All undefined (type models.Cats has no method All)
, cmd err: exit status 2stderr: # catmash/src/controllers
src/controllers/cats.go:39:21: models.Cats.All undefined (type models.Cats has no method All)
, cmd err: exit status 2stderr: # catmash/src/controllers
src/controllers/cats.go:40:21: models.Cats.All undefined (type models.Cats has no method All)
, cmd err: exit status 2stderr: # catmash/src/controllers
src/controllers/cats.go:40:20: multiple-value models.All() in single-value context
, cmd err: exit status 2stderr: # catmash/src/controllers
src/controllers/cats.go:46:20: missing key in map literal
, cmd err: exit status 2stderr: # catmash/src/controllers
src/controllers/cats.go:40:12: assignment mismatch: 2 variables but 1 values
, cmd err: exit status 2